<?xml version="1.0" encoding="UTF-8"?>
<!-- Generated by org.testng.reporters.JUnitReportReporter -->
<testsuite skipped="0" hostname="II47-PF2H2HPK" name="com.etherscan.runners.TestRunner" tests="2" failures="0" timestamp="2021-11-29T12:02:03 IST" time="48.416" errors="0">
  <testcase name="runScenario" time="23.849" classname="com.etherscan.runners.TestRunner"/>
  <system-out/>
  <testcase name="runScenario" time="24.567" classname="com.etherscan.runners.TestRunner"/>
  <system-out/>
</testsuite> <!-- com.etherscan.runners.TestRunner -->
