<?xml version="1.0" encoding="UTF-8"?>
<!-- Generated by org.testng.reporters.JUnitReportReporter -->
<testsuite skipped="0" hostname="II47-PF2H2HPK" name="com.etherscan.runners.TestRunner" tests="15" failures="3" timestamp="2021-11-29T06:31:39 IST" time="249.866" errors="0">
  <testcase name="runScenario" time="18.220" classname="com.etherscan.runners.TestRunner"/>
  <system-out/>
  <testcase name="runScenario" time="16.822" classname="com.etherscan.runners.TestRunner"/>
  <system-out/>
  <testcase name="runScenario" time="13.683" classname="com.etherscan.runners.TestRunner"/>
  <system-out/>
  <testcase name="runScenario" time="14.827" classname="com.etherscan.runners.TestRunner"/>
  <system-out/>
  <testcase name="runScenario" time="12.431" classname="com.etherscan.runners.TestRunner"/>
  <system-out/>
  <testcase name="runScenario" time="17.045" classname="com.etherscan.runners.TestRunner"/>
  <system-out/>
  <testcase name="runScenario" time="24.613" classname="com.etherscan.runners.TestRunner">
    <failure type="java.lang.AssertionError" message="Incorrect error message is displayed. Expected is: Your account registration has been submitted and is pending email verification  Actual is: Error! Invalid captcha response.Please Try Again expected [Your account registration has been submitted and is pending email verification ] but found [Error! Invalid captcha response.Please Try Again]">
      <![CDATA[java.lang.AssertionError: Incorrect error message is displayed. Expected is: Your account registration has been submitted and is pending email verification  Actual is: Error! Invalid captcha response.Please Try Again expected [Your account registration has been submitted and is pending email verification ] but found [Error! Invalid captcha response.Please Try Again]
at org.testng.Assert.fail(Assert.java:99)
at org.testng.Assert.failNotEquals(Assert.java:1037)
at org.testng.Assert.assertEqualsImpl(Assert.java:140)
at org.testng.Assert.assertEquals(Assert.java:122)
at org.testng.Assert.assertEquals(Assert.java:629)
at com.etherscan.stepdefinitions.UserRegistrationStepDefinition.user_see_error_message(UserRegistrationStepDefinition.java:49)
at ✽.user should see "Your account registration has been submitted and is pending email verification " message(file:///C:/Users/rajiv_ranjan_maurya/Selenium%20Practice/Etherscan/src/test/java/com/etherscan/features/UserRegistration.feature:92)
]]>
    </failure>
  </testcase> <!-- runScenario -->
  <system-out/>
  <testcase name="runScenario" time="15.512" classname="com.etherscan.runners.TestRunner"/>
  <system-out/>
  <testcase name="runScenario" time="18.265" classname="com.etherscan.runners.TestRunner"/>
  <system-out/>
  <testcase name="runScenario" time="12.658" classname="com.etherscan.runners.TestRunner"/>
  <system-out/>
  <testcase name="runScenario" time="12.978" classname="com.etherscan.runners.TestRunner"/>
  <system-out/>
  <testcase name="runScenario" time="14.745" classname="com.etherscan.runners.TestRunner">
    <failure type="java.lang.AssertionError" message="Incorrect error message is displayed. Expected is: Sorry! The username you entered is already in use. Actual is: Error! Invalid captcha response.Please Try Again expected [Sorry! The username you entered is already in use.] but found [Error! Invalid captcha response.Please Try Again]">
      <![CDATA[java.lang.AssertionError: Incorrect error message is displayed. Expected is: Sorry! The username you entered is already in use. Actual is: Error! Invalid captcha response.Please Try Again expected [Sorry! The username you entered is already in use.] but found [Error! Invalid captcha response.Please Try Again]
at org.testng.Assert.fail(Assert.java:99)
at org.testng.Assert.failNotEquals(Assert.java:1037)
at org.testng.Assert.assertEqualsImpl(Assert.java:140)
at org.testng.Assert.assertEquals(Assert.java:122)
at org.testng.Assert.assertEquals(Assert.java:629)
at com.etherscan.stepdefinitions.UserRegistrationStepDefinition.user_see_error_message(UserRegistrationStepDefinition.java:49)
at ✽.user should see "Sorry! The username you entered is already in use." message(file:///C:/Users/rajiv_ranjan_maurya/Selenium%20Practice/Etherscan/src/test/java/com/etherscan/features/UserRegistration.feature:116)
]]>
    </failure>
  </testcase> <!-- runScenario -->
  <system-out/>
  <testcase name="runScenario" time="23.959" classname="com.etherscan.runners.TestRunner">
    <failure type="java.lang.AssertionError" message="Incorrect error message is displayed. Expected is: Your account registration has been submitted and is pending email verification  Actual is: Error! Invalid captcha response.Please Try Again expected [Your account registration has been submitted and is pending email verification ] but found [Error! Invalid captcha response.Please Try Again]">
      <![CDATA[java.lang.AssertionError: Incorrect error message is displayed. Expected is: Your account registration has been submitted and is pending email verification  Actual is: Error! Invalid captcha response.Please Try Again expected [Your account registration has been submitted and is pending email verification ] but found [Error! Invalid captcha response.Please Try Again]
at org.testng.Assert.fail(Assert.java:99)
at org.testng.Assert.failNotEquals(Assert.java:1037)
at org.testng.Assert.assertEqualsImpl(Assert.java:140)
at org.testng.Assert.assertEquals(Assert.java:122)
at org.testng.Assert.assertEquals(Assert.java:629)
at com.etherscan.stepdefinitions.UserRegistrationStepDefinition.user_see_error_message(UserRegistrationStepDefinition.java:49)
at ✽.user should see "Your account registration has been submitted and is pending email verification " message(file:///C:/Users/rajiv_ranjan_maurya/Selenium%20Practice/Etherscan/src/test/java/com/etherscan/features/UserRegistration.feature:103)
]]>
    </failure>
  </testcase> <!-- runScenario -->
  <system-out/>
  <testcase name="runScenario" time="17.760" classname="com.etherscan.runners.TestRunner"/>
  <system-out/>
  <testcase name="runScenario" time="16.348" classname="com.etherscan.runners.TestRunner"/>
  <system-out/>
</testsuite> <!-- com.etherscan.runners.TestRunner -->
